2022-03-09 19:48:41,206 [Worker-5: Loading available Gradle versions] INFO  o.e.b.c.i.u.g.PublishedGradleVersions - Gradle version information cache is up-to-date. Trying to read.
2022-03-09 19:48:44,221 [Worker-5: Repository registry initialization] WARN  o.e.m.c.internal.embedder.MavenImpl - Failed to decrypt password for server central: org.sonatype.plexus.components.sec.dispatcher.SecDispatcherException: java.io.FileNotFoundException: C:\Users\logonrmlocal\.m2\settings-security.xml (The system cannot find the file specified)
org.sonatype.plexus.components.sec.dispatcher.SecDispatcherException: org.sonatype.plexus.components.sec.dispatcher.SecDispatcherException: java.io.FileNotFoundException: C:\Users\logonrmlocal\.m2\settings-security.xml (The system cannot find the file specified)
	at org.sonatype.plexus.components.sec.dispatcher.DefaultSecDispatcher.decrypt(DefaultSecDispatcher.java:121)
	at org.apache.maven.settings.crypto.DefaultSettingsDecrypter.decrypt(DefaultSettingsDecrypter.java:114)
	at org.apache.maven.settings.crypto.DefaultSettingsDecrypter.decrypt(DefaultSettingsDecrypter.java:70)
	at org.eclipse.m2e.core.internal.embedder.MavenImpl.decryptPassword(MavenImpl.java:542)
	at org.eclipse.m2e.core.internal.repository.RepositoryRegistry.getAuthenticationInfo(RepositoryRegistry.java:216)
	at org.eclipse.m2e.core.internal.repository.RepositoryRegistry.updateRegistry(RepositoryRegistry.java:260)
	at org.eclipse.m2e.core.internal.repository.RepositoryRegistryUpdateJob.run(RepositoryRegistryUpdateJob.java:49)
	at org.eclipse.core.internal.jobs.Worker.run(Worker.java:63)
Caused by: org.sonatype.plexus.components.sec.dispatcher.SecDispatcherException: java.io.FileNotFoundException: C:\Users\logonrmlocal\.m2\settings-security.xml (The system cannot find the file specified)
	at org.sonatype.plexus.components.sec.dispatcher.SecUtil.read(SecUtil.java:69)
	at org.sonatype.plexus.components.sec.dispatcher.DefaultSecDispatcher.getSec(DefaultSecDispatcher.java:206)
	at org.sonatype.plexus.components.sec.dispatcher.DefaultSecDispatcher.decrypt(DefaultSecDispatcher.java:90)
	... 7 common frames omitted
Caused by: java.io.FileNotFoundException: C:\Users\logonrmlocal\.m2\settings-security.xml (The system cannot find the file specified)
	at java.base/java.io.FileInputStream.open0(Native Method)
	at java.base/java.io.FileInputStream.open(FileInputStream.java:211)
	at java.base/java.io.FileInputStream.<init>(FileInputStream.java:153)
	at org.sonatype.plexus.components.sec.dispatcher.SecUtil.toStream(SecUtil.java:100)
	at org.sonatype.plexus.components.sec.dispatcher.SecUtil.read(SecUtil.java:56)
	... 9 common frames omitted
2022-03-09 19:48:44,226 [Worker-5: Repository registry initialization] WARN  o.e.m.c.internal.embedder.MavenImpl - Failed to decrypt password for server snapshots: org.sonatype.plexus.components.sec.dispatcher.SecDispatcherException: java.io.FileNotFoundException: C:\Users\logonrmlocal\.m2\settings-security.xml (The system cannot find the file specified)
org.sonatype.plexus.components.sec.dispatcher.SecDispatcherException: org.sonatype.plexus.components.sec.dispatcher.SecDispatcherException: java.io.FileNotFoundException: C:\Users\logonrmlocal\.m2\settings-security.xml (The system cannot find the file specified)
	at org.sonatype.plexus.components.sec.dispatcher.DefaultSecDispatcher.decrypt(DefaultSecDispatcher.java:121)
	at org.apache.maven.settings.crypto.DefaultSettingsDecrypter.decrypt(DefaultSettingsDecrypter.java:114)
	at org.apache.maven.settings.crypto.DefaultSettingsDecrypter.decrypt(DefaultSettingsDecrypter.java:70)
	at org.eclipse.m2e.core.internal.embedder.MavenImpl.decryptPassword(MavenImpl.java:542)
	at org.eclipse.m2e.core.internal.repository.RepositoryRegistry.getAuthenticationInfo(RepositoryRegistry.java:216)
	at org.eclipse.m2e.core.internal.repository.RepositoryRegistry.updateRegistry(RepositoryRegistry.java:260)
	at org.eclipse.m2e.core.internal.repository.RepositoryRegistryUpdateJob.run(RepositoryRegistryUpdateJob.java:49)
	at org.eclipse.core.internal.jobs.Worker.run(Worker.java:63)
Caused by: org.sonatype.plexus.components.sec.dispatcher.SecDispatcherException: java.io.FileNotFoundException: C:\Users\logonrmlocal\.m2\settings-security.xml (The system cannot find the file specified)
	at org.sonatype.plexus.components.sec.dispatcher.SecUtil.read(SecUtil.java:69)
	at org.sonatype.plexus.components.sec.dispatcher.DefaultSecDispatcher.getSec(DefaultSecDispatcher.java:206)
	at org.sonatype.plexus.components.sec.dispatcher.DefaultSecDispatcher.decrypt(DefaultSecDispatcher.java:90)
	... 7 common frames omitted
Caused by: java.io.FileNotFoundException: C:\Users\logonrmlocal\.m2\settings-security.xml (The system cannot find the file specified)
	at java.base/java.io.FileInputStream.open0(Native Method)
	at java.base/java.io.FileInputStream.open(FileInputStream.java:211)
	at java.base/java.io.FileInputStream.<init>(FileInputStream.java:153)
	at org.sonatype.plexus.components.sec.dispatcher.SecUtil.toStream(SecUtil.java:100)
	at org.sonatype.plexus.components.sec.dispatcher.SecUtil.read(SecUtil.java:56)
	... 9 common frames omitted
2022-03-09 19:48:44,228 [Worker-5: Repository registry initialization] WARN  o.e.m.c.internal.embedder.MavenImpl - Failed to decrypt password for server central: org.sonatype.plexus.components.sec.dispatcher.SecDispatcherException: java.io.FileNotFoundException: C:\Users\logonrmlocal\.m2\settings-security.xml (The system cannot find the file specified)
org.sonatype.plexus.components.sec.dispatcher.SecDispatcherException: org.sonatype.plexus.components.sec.dispatcher.SecDispatcherException: java.io.FileNotFoundException: C:\Users\logonrmlocal\.m2\settings-security.xml (The system cannot find the file specified)
	at org.sonatype.plexus.components.sec.dispatcher.DefaultSecDispatcher.decrypt(DefaultSecDispatcher.java:121)
	at org.apache.maven.settings.crypto.DefaultSettingsDecrypter.decrypt(DefaultSettingsDecrypter.java:114)
	at org.apache.maven.settings.crypto.DefaultSettingsDecrypter.decrypt(DefaultSettingsDecrypter.java:70)
	at org.eclipse.m2e.core.internal.embedder.MavenImpl.decryptPassword(MavenImpl.java:542)
	at org.eclipse.m2e.core.internal.repository.RepositoryRegistry.getAuthenticationInfo(RepositoryRegistry.java:216)
	at org.eclipse.m2e.core.internal.repository.RepositoryRegistry.updateRegistry(RepositoryRegistry.java:260)
	at org.eclipse.m2e.core.internal.repository.RepositoryRegistryUpdateJob.run(RepositoryRegistryUpdateJob.java:49)
	at org.eclipse.core.internal.jobs.Worker.run(Worker.java:63)
Caused by: org.sonatype.plexus.components.sec.dispatcher.SecDispatcherException: java.io.FileNotFoundException: C:\Users\logonrmlocal\.m2\settings-security.xml (The system cannot find the file specified)
	at org.sonatype.plexus.components.sec.dispatcher.SecUtil.read(SecUtil.java:69)
	at org.sonatype.plexus.components.sec.dispatcher.DefaultSecDispatcher.getSec(DefaultSecDispatcher.java:206)
	at org.sonatype.plexus.components.sec.dispatcher.DefaultSecDispatcher.decrypt(DefaultSecDispatcher.java:90)
	... 7 common frames omitted
Caused by: java.io.FileNotFoundException: C:\Users\logonrmlocal\.m2\settings-security.xml (The system cannot find the file specified)
	at java.base/java.io.FileInputStream.open0(Native Method)
	at java.base/java.io.FileInputStream.open(FileInputStream.java:211)
	at java.base/java.io.FileInputStream.<init>(FileInputStream.java:153)
	at org.sonatype.plexus.components.sec.dispatcher.SecUtil.toStream(SecUtil.java:100)
	at org.sonatype.plexus.components.sec.dispatcher.SecUtil.read(SecUtil.java:56)
	... 9 common frames omitted
2022-03-09 19:48:44,231 [Worker-5: Repository registry initialization] WARN  o.e.m.c.internal.embedder.MavenImpl - Failed to decrypt password for server snapshots: org.sonatype.plexus.components.sec.dispatcher.SecDispatcherException: java.io.FileNotFoundException: C:\Users\logonrmlocal\.m2\settings-security.xml (The system cannot find the file specified)
org.sonatype.plexus.components.sec.dispatcher.SecDispatcherException: org.sonatype.plexus.components.sec.dispatcher.SecDispatcherException: java.io.FileNotFoundException: C:\Users\logonrmlocal\.m2\settings-security.xml (The system cannot find the file specified)
	at org.sonatype.plexus.components.sec.dispatcher.DefaultSecDispatcher.decrypt(DefaultSecDispatcher.java:121)
	at org.apache.maven.settings.crypto.DefaultSettingsDecrypter.decrypt(DefaultSettingsDecrypter.java:114)
	at org.apache.maven.settings.crypto.DefaultSettingsDecrypter.decrypt(DefaultSettingsDecrypter.java:70)
	at org.eclipse.m2e.core.internal.embedder.MavenImpl.decryptPassword(MavenImpl.java:542)
	at org.eclipse.m2e.core.internal.repository.RepositoryRegistry.getAuthenticationInfo(RepositoryRegistry.java:216)
	at org.eclipse.m2e.core.internal.repository.RepositoryRegistry.updateRegistry(RepositoryRegistry.java:260)
	at org.eclipse.m2e.core.internal.repository.RepositoryRegistryUpdateJob.run(RepositoryRegistryUpdateJob.java:49)
	at org.eclipse.core.internal.jobs.Worker.run(Worker.java:63)
Caused by: org.sonatype.plexus.components.sec.dispatcher.SecDispatcherException: java.io.FileNotFoundException: C:\Users\logonrmlocal\.m2\settings-security.xml (The system cannot find the file specified)
	at org.sonatype.plexus.components.sec.dispatcher.SecUtil.read(SecUtil.java:69)
	at org.sonatype.plexus.components.sec.dispatcher.DefaultSecDispatcher.getSec(DefaultSecDispatcher.java:206)
	at org.sonatype.plexus.components.sec.dispatcher.DefaultSecDispatcher.decrypt(DefaultSecDispatcher.java:90)
	... 7 common frames omitted
Caused by: java.io.FileNotFoundException: C:\Users\logonrmlocal\.m2\settings-security.xml (The system cannot find the file specified)
	at java.base/java.io.FileInputStream.open0(Native Method)
	at java.base/java.io.FileInputStream.open(FileInputStream.java:211)
	at java.base/java.io.FileInputStream.<init>(FileInputStream.java:153)
	at org.sonatype.plexus.components.sec.dispatcher.SecUtil.toStream(SecUtil.java:100)
	at org.sonatype.plexus.components.sec.dispatcher.SecUtil.read(SecUtil.java:56)
	... 9 common frames omitted
2022-03-16 19:22:44,197 [Worker-5: Loading available Gradle versions] INFO  o.e.b.c.i.u.g.PublishedGradleVersions - Gradle version information cache is out-of-date. Trying to update.
2022-03-16 19:22:53,888 [Worker-4: Repository registry initialization] WARN  o.e.m.c.internal.embedder.MavenImpl - Failed to decrypt password for server central: org.sonatype.plexus.components.sec.dispatcher.SecDispatcherException: java.io.FileNotFoundException: C:\Users\logonrmlocal\.m2\settings-security.xml (The system cannot find the file specified)
org.sonatype.plexus.components.sec.dispatcher.SecDispatcherException: org.sonatype.plexus.components.sec.dispatcher.SecDispatcherException: java.io.FileNotFoundException: C:\Users\logonrmlocal\.m2\settings-security.xml (The system cannot find the file specified)
	at org.sonatype.plexus.components.sec.dispatcher.DefaultSecDispatcher.decrypt(DefaultSecDispatcher.java:121)
	at org.apache.maven.settings.crypto.DefaultSettingsDecrypter.decrypt(DefaultSettingsDecrypter.java:114)
	at org.apache.maven.settings.crypto.DefaultSettingsDecrypter.decrypt(DefaultSettingsDecrypter.java:70)
	at org.eclipse.m2e.core.internal.embedder.MavenImpl.decryptPassword(MavenImpl.java:542)
	at org.eclipse.m2e.core.internal.repository.RepositoryRegistry.getAuthenticationInfo(RepositoryRegistry.java:216)
	at org.eclipse.m2e.core.internal.repository.RepositoryRegistry.updateRegistry(RepositoryRegistry.java:260)
	at org.eclipse.m2e.core.internal.repository.RepositoryRegistryUpdateJob.run(RepositoryRegistryUpdateJob.java:49)
	at org.eclipse.core.internal.jobs.Worker.run(Worker.java:63)
Caused by: org.sonatype.plexus.components.sec.dispatcher.SecDispatcherException: java.io.FileNotFoundException: C:\Users\logonrmlocal\.m2\settings-security.xml (The system cannot find the file specified)
	at org.sonatype.plexus.components.sec.dispatcher.SecUtil.read(SecUtil.java:69)
	at org.sonatype.plexus.components.sec.dispatcher.DefaultSecDispatcher.getSec(DefaultSecDispatcher.java:206)
	at org.sonatype.plexus.components.sec.dispatcher.DefaultSecDispatcher.decrypt(DefaultSecDispatcher.java:90)
	... 7 common frames omitted
Caused by: java.io.FileNotFoundException: C:\Users\logonrmlocal\.m2\settings-security.xml (The system cannot find the file specified)
	at java.base/java.io.FileInputStream.open0(Native Method)
	at java.base/java.io.FileInputStream.open(FileInputStream.java:211)
	at java.base/java.io.FileInputStream.<init>(FileInputStream.java:153)
	at org.sonatype.plexus.components.sec.dispatcher.SecUtil.toStream(SecUtil.java:100)
	at org.sonatype.plexus.components.sec.dispatcher.SecUtil.read(SecUtil.java:56)
	... 9 common frames omitted
2022-03-16 19:22:53,918 [Worker-4: Repository registry initialization] WARN  o.e.m.c.internal.embedder.MavenImpl - Failed to decrypt password for server snapshots: org.sonatype.plexus.components.sec.dispatcher.SecDispatcherException: java.io.FileNotFoundException: C:\Users\logonrmlocal\.m2\settings-security.xml (The system cannot find the file specified)
org.sonatype.plexus.components.sec.dispatcher.SecDispatcherException: org.sonatype.plexus.components.sec.dispatcher.SecDispatcherException: java.io.FileNotFoundException: C:\Users\logonrmlocal\.m2\settings-security.xml (The system cannot find the file specified)
	at org.sonatype.plexus.components.sec.dispatcher.DefaultSecDispatcher.decrypt(DefaultSecDispatcher.java:121)
	at org.apache.maven.settings.crypto.DefaultSettingsDecrypter.decrypt(DefaultSettingsDecrypter.java:114)
	at org.apache.maven.settings.crypto.DefaultSettingsDecrypter.decrypt(DefaultSettingsDecrypter.java:70)
	at org.eclipse.m2e.core.internal.embedder.MavenImpl.decryptPassword(MavenImpl.java:542)
	at org.eclipse.m2e.core.internal.repository.RepositoryRegistry.getAuthenticationInfo(RepositoryRegistry.java:216)
	at org.eclipse.m2e.core.internal.repository.RepositoryRegistry.updateRegistry(RepositoryRegistry.java:260)
	at org.eclipse.m2e.core.internal.repository.RepositoryRegistryUpdateJob.run(RepositoryRegistryUpdateJob.java:49)
	at org.eclipse.core.internal.jobs.Worker.run(Worker.java:63)
Caused by: org.sonatype.plexus.components.sec.dispatcher.SecDispatcherException: java.io.FileNotFoundException: C:\Users\logonrmlocal\.m2\settings-security.xml (The system cannot find the file specified)
	at org.sonatype.plexus.components.sec.dispatcher.SecUtil.read(SecUtil.java:69)
	at org.sonatype.plexus.components.sec.dispatcher.DefaultSecDispatcher.getSec(DefaultSecDispatcher.java:206)
	at org.sonatype.plexus.components.sec.dispatcher.DefaultSecDispatcher.decrypt(DefaultSecDispatcher.java:90)
	... 7 common frames omitted
Caused by: java.io.FileNotFoundException: C:\Users\logonrmlocal\.m2\settings-security.xml (The system cannot find the file specified)
	at java.base/java.io.FileInputStream.open0(Native Method)
	at java.base/java.io.FileInputStream.open(FileInputStream.java:211)
	at java.base/java.io.FileInputStream.<init>(FileInputStream.java:153)
	at org.sonatype.plexus.components.sec.dispatcher.SecUtil.toStream(SecUtil.java:100)
	at org.sonatype.plexus.components.sec.dispatcher.SecUtil.read(SecUtil.java:56)
	... 9 common frames omitted
2022-03-16 19:22:53,920 [Worker-4: Repository registry initialization] WARN  o.e.m.c.internal.embedder.MavenImpl - Failed to decrypt password for server central: org.sonatype.plexus.components.sec.dispatcher.SecDispatcherException: java.io.FileNotFoundException: C:\Users\logonrmlocal\.m2\settings-security.xml (The system cannot find the file specified)
org.sonatype.plexus.components.sec.dispatcher.SecDispatcherException: org.sonatype.plexus.components.sec.dispatcher.SecDispatcherException: java.io.FileNotFoundException: C:\Users\logonrmlocal\.m2\settings-security.xml (The system cannot find the file specified)
	at org.sonatype.plexus.components.sec.dispatcher.DefaultSecDispatcher.decrypt(DefaultSecDispatcher.java:121)
	at org.apache.maven.settings.crypto.DefaultSettingsDecrypter.decrypt(DefaultSettingsDecrypter.java:114)
	at org.apache.maven.settings.crypto.DefaultSettingsDecrypter.decrypt(DefaultSettingsDecrypter.java:70)
	at org.eclipse.m2e.core.internal.embedder.MavenImpl.decryptPassword(MavenImpl.java:542)
	at org.eclipse.m2e.core.internal.repository.RepositoryRegistry.getAuthenticationInfo(RepositoryRegistry.java:216)
	at org.eclipse.m2e.core.internal.repository.RepositoryRegistry.updateRegistry(RepositoryRegistry.java:260)
	at org.eclipse.m2e.core.internal.repository.RepositoryRegistryUpdateJob.run(RepositoryRegistryUpdateJob.java:49)
	at org.eclipse.core.internal.jobs.Worker.run(Worker.java:63)
Caused by: org.sonatype.plexus.components.sec.dispatcher.SecDispatcherException: java.io.FileNotFoundException: C:\Users\logonrmlocal\.m2\settings-security.xml (The system cannot find the file specified)
	at org.sonatype.plexus.components.sec.dispatcher.SecUtil.read(SecUtil.java:69)
	at org.sonatype.plexus.components.sec.dispatcher.DefaultSecDispatcher.getSec(DefaultSecDispatcher.java:206)
	at org.sonatype.plexus.components.sec.dispatcher.DefaultSecDispatcher.decrypt(DefaultSecDispatcher.java:90)
	... 7 common frames omitted
Caused by: java.io.FileNotFoundException: C:\Users\logonrmlocal\.m2\settings-security.xml (The system cannot find the file specified)
	at java.base/java.io.FileInputStream.open0(Native Method)
	at java.base/java.io.FileInputStream.open(FileInputStream.java:211)
	at java.base/java.io.FileInputStream.<init>(FileInputStream.java:153)
	at org.sonatype.plexus.components.sec.dispatcher.SecUtil.toStream(SecUtil.java:100)
	at org.sonatype.plexus.components.sec.dispatcher.SecUtil.read(SecUtil.java:56)
	... 9 common frames omitted
2022-03-16 19:22:53,923 [Worker-4: Repository registry initialization] WARN  o.e.m.c.internal.embedder.MavenImpl - Failed to decrypt password for server snapshots: org.sonatype.plexus.components.sec.dispatcher.SecDispatcherException: java.io.FileNotFoundException: C:\Users\logonrmlocal\.m2\settings-security.xml (The system cannot find the file specified)
org.sonatype.plexus.components.sec.dispatcher.SecDispatcherException: org.sonatype.plexus.components.sec.dispatcher.SecDispatcherException: java.io.FileNotFoundException: C:\Users\logonrmlocal\.m2\settings-security.xml (The system cannot find the file specified)
	at org.sonatype.plexus.components.sec.dispatcher.DefaultSecDispatcher.decrypt(DefaultSecDispatcher.java:121)
	at org.apache.maven.settings.crypto.DefaultSettingsDecrypter.decrypt(DefaultSettingsDecrypter.java:114)
	at org.apache.maven.settings.crypto.DefaultSettingsDecrypter.decrypt(DefaultSettingsDecrypter.java:70)
	at org.eclipse.m2e.core.internal.embedder.MavenImpl.decryptPassword(MavenImpl.java:542)
	at org.eclipse.m2e.core.internal.repository.RepositoryRegistry.getAuthenticationInfo(RepositoryRegistry.java:216)
	at org.eclipse.m2e.core.internal.repository.RepositoryRegistry.updateRegistry(RepositoryRegistry.java:260)
	at org.eclipse.m2e.core.internal.repository.RepositoryRegistryUpdateJob.run(RepositoryRegistryUpdateJob.java:49)
	at org.eclipse.core.internal.jobs.Worker.run(Worker.java:63)
Caused by: org.sonatype.plexus.components.sec.dispatcher.SecDispatcherException: java.io.FileNotFoundException: C:\Users\logonrmlocal\.m2\settings-security.xml (The system cannot find the file specified)
	at org.sonatype.plexus.components.sec.dispatcher.SecUtil.read(SecUtil.java:69)
	at org.sonatype.plexus.components.sec.dispatcher.DefaultSecDispatcher.getSec(DefaultSecDispatcher.java:206)
	at org.sonatype.plexus.components.sec.dispatcher.DefaultSecDispatcher.decrypt(DefaultSecDispatcher.java:90)
	... 7 common frames omitted
Caused by: java.io.FileNotFoundException: C:\Users\logonrmlocal\.m2\settings-security.xml (The system cannot find the file specified)
	at java.base/java.io.FileInputStream.open0(Native Method)
	at java.base/java.io.FileInputStream.open(FileInputStream.java:211)
	at java.base/java.io.FileInputStream.<init>(FileInputStream.java:153)
	at org.sonatype.plexus.components.sec.dispatcher.SecUtil.toStream(SecUtil.java:100)
	at org.sonatype.plexus.components.sec.dispatcher.SecUtil.read(SecUtil.java:56)
	... 9 common frames omitted
2022-03-21 19:10:57,132 [Worker-9: Repository registry initialization] WARN  o.e.m.c.internal.embedder.MavenImpl - Failed to decrypt password for server central: org.sonatype.plexus.components.sec.dispatcher.SecDispatcherException: java.io.FileNotFoundException: C:\Users\logonrmlocal\.m2\settings-security.xml (The system cannot find the file specified)
org.sonatype.plexus.components.sec.dispatcher.SecDispatcherException: org.sonatype.plexus.components.sec.dispatcher.SecDispatcherException: java.io.FileNotFoundException: C:\Users\logonrmlocal\.m2\settings-security.xml (The system cannot find the file specified)
	at org.sonatype.plexus.components.sec.dispatcher.DefaultSecDispatcher.decrypt(DefaultSecDispatcher.java:121)
	at org.apache.maven.settings.crypto.DefaultSettingsDecrypter.decrypt(DefaultSettingsDecrypter.java:114)
	at org.apache.maven.settings.crypto.DefaultSettingsDecrypter.decrypt(DefaultSettingsDecrypter.java:70)
	at org.eclipse.m2e.core.internal.embedder.MavenImpl.decryptPassword(MavenImpl.java:542)
	at org.eclipse.m2e.core.internal.repository.RepositoryRegistry.getAuthenticationInfo(RepositoryRegistry.java:216)
	at org.eclipse.m2e.core.internal.repository.RepositoryRegistry.updateRegistry(RepositoryRegistry.java:260)
	at org.eclipse.m2e.core.internal.repository.RepositoryRegistryUpdateJob.run(RepositoryRegistryUpdateJob.java:49)
	at org.eclipse.core.internal.jobs.Worker.run(Worker.java:63)
Caused by: org.sonatype.plexus.components.sec.dispatcher.SecDispatcherException: java.io.FileNotFoundException: C:\Users\logonrmlocal\.m2\settings-security.xml (The system cannot find the file specified)
	at org.sonatype.plexus.components.sec.dispatcher.SecUtil.read(SecUtil.java:69)
	at org.sonatype.plexus.components.sec.dispatcher.DefaultSecDispatcher.getSec(DefaultSecDispatcher.java:206)
	at org.sonatype.plexus.components.sec.dispatcher.DefaultSecDispatcher.decrypt(DefaultSecDispatcher.java:90)
	... 7 common frames omitted
Caused by: java.io.FileNotFoundException: C:\Users\logonrmlocal\.m2\settings-security.xml (The system cannot find the file specified)
	at java.base/java.io.FileInputStream.open0(Native Method)
	at java.base/java.io.FileInputStream.open(FileInputStream.java:211)
	at java.base/java.io.FileInputStream.<init>(FileInputStream.java:153)
	at org.sonatype.plexus.components.sec.dispatcher.SecUtil.toStream(SecUtil.java:100)
	at org.sonatype.plexus.components.sec.dispatcher.SecUtil.read(SecUtil.java:56)
	... 9 common frames omitted
2022-03-21 19:10:57,137 [Worker-9: Repository registry initialization] WARN  o.e.m.c.internal.embedder.MavenImpl - Failed to decrypt password for server snapshots: org.sonatype.plexus.components.sec.dispatcher.SecDispatcherException: java.io.FileNotFoundException: C:\Users\logonrmlocal\.m2\settings-security.xml (The system cannot find the file specified)
org.sonatype.plexus.components.sec.dispatcher.SecDispatcherException: org.sonatype.plexus.components.sec.dispatcher.SecDispatcherException: java.io.FileNotFoundException: C:\Users\logonrmlocal\.m2\settings-security.xml (The system cannot find the file specified)
	at org.sonatype.plexus.components.sec.dispatcher.DefaultSecDispatcher.decrypt(DefaultSecDispatcher.java:121)
	at org.apache.maven.settings.crypto.DefaultSettingsDecrypter.decrypt(DefaultSettingsDecrypter.java:114)
	at org.apache.maven.settings.crypto.DefaultSettingsDecrypter.decrypt(DefaultSettingsDecrypter.java:70)
	at org.eclipse.m2e.core.internal.embedder.MavenImpl.decryptPassword(MavenImpl.java:542)
	at org.eclipse.m2e.core.internal.repository.RepositoryRegistry.getAuthenticationInfo(RepositoryRegistry.java:216)
	at org.eclipse.m2e.core.internal.repository.RepositoryRegistry.updateRegistry(RepositoryRegistry.java:260)
	at org.eclipse.m2e.core.internal.repository.RepositoryRegistryUpdateJob.run(RepositoryRegistryUpdateJob.java:49)
	at org.eclipse.core.internal.jobs.Worker.run(Worker.java:63)
Caused by: org.sonatype.plexus.components.sec.dispatcher.SecDispatcherException: java.io.FileNotFoundException: C:\Users\logonrmlocal\.m2\settings-security.xml (The system cannot find the file specified)
	at org.sonatype.plexus.components.sec.dispatcher.SecUtil.read(SecUtil.java:69)
	at org.sonatype.plexus.components.sec.dispatcher.DefaultSecDispatcher.getSec(DefaultSecDispatcher.java:206)
	at org.sonatype.plexus.components.sec.dispatcher.DefaultSecDispatcher.decrypt(DefaultSecDispatcher.java:90)
	... 7 common frames omitted
Caused by: java.io.FileNotFoundException: C:\Users\logonrmlocal\.m2\settings-security.xml (The system cannot find the file specified)
	at java.base/java.io.FileInputStream.open0(Native Method)
	at java.base/java.io.FileInputStream.open(FileInputStream.java:211)
	at java.base/java.io.FileInputStream.<init>(FileInputStream.java:153)
	at org.sonatype.plexus.components.sec.dispatcher.SecUtil.toStream(SecUtil.java:100)
	at org.sonatype.plexus.components.sec.dispatcher.SecUtil.read(SecUtil.java:56)
	... 9 common frames omitted
2022-03-21 19:10:57,139 [Worker-9: Repository registry initialization] WARN  o.e.m.c.internal.embedder.MavenImpl - Failed to decrypt password for server central: org.sonatype.plexus.components.sec.dispatcher.SecDispatcherException: java.io.FileNotFoundException: C:\Users\logonrmlocal\.m2\settings-security.xml (The system cannot find the file specified)
org.sonatype.plexus.components.sec.dispatcher.SecDispatcherException: org.sonatype.plexus.components.sec.dispatcher.SecDispatcherException: java.io.FileNotFoundException: C:\Users\logonrmlocal\.m2\settings-security.xml (The system cannot find the file specified)
	at org.sonatype.plexus.components.sec.dispatcher.DefaultSecDispatcher.decrypt(DefaultSecDispatcher.java:121)
	at org.apache.maven.settings.crypto.DefaultSettingsDecrypter.decrypt(DefaultSettingsDecrypter.java:114)
	at org.apache.maven.settings.crypto.DefaultSettingsDecrypter.decrypt(DefaultSettingsDecrypter.java:70)
	at org.eclipse.m2e.core.internal.embedder.MavenImpl.decryptPassword(MavenImpl.java:542)
	at org.eclipse.m2e.core.internal.repository.RepositoryRegistry.getAuthenticationInfo(RepositoryRegistry.java:216)
	at org.eclipse.m2e.core.internal.repository.RepositoryRegistry.updateRegistry(RepositoryRegistry.java:260)
	at org.eclipse.m2e.core.internal.repository.RepositoryRegistryUpdateJob.run(RepositoryRegistryUpdateJob.java:49)
	at org.eclipse.core.internal.jobs.Worker.run(Worker.java:63)
Caused by: org.sonatype.plexus.components.sec.dispatcher.SecDispatcherException: java.io.FileNotFoundException: C:\Users\logonrmlocal\.m2\settings-security.xml (The system cannot find the file specified)
	at org.sonatype.plexus.components.sec.dispatcher.SecUtil.read(SecUtil.java:69)
	at org.sonatype.plexus.components.sec.dispatcher.DefaultSecDispatcher.getSec(DefaultSecDispatcher.java:206)
	at org.sonatype.plexus.components.sec.dispatcher.DefaultSecDispatcher.decrypt(DefaultSecDispatcher.java:90)
	... 7 common frames omitted
Caused by: java.io.FileNotFoundException: C:\Users\logonrmlocal\.m2\settings-security.xml (The system cannot find the file specified)
	at java.base/java.io.FileInputStream.open0(Native Method)
	at java.base/java.io.FileInputStream.open(FileInputStream.java:211)
	at java.base/java.io.FileInputStream.<init>(FileInputStream.java:153)
	at org.sonatype.plexus.components.sec.dispatcher.SecUtil.toStream(SecUtil.java:100)
	at org.sonatype.plexus.components.sec.dispatcher.SecUtil.read(SecUtil.java:56)
	... 9 common frames omitted
2022-03-21 19:10:57,141 [Worker-9: Repository registry initialization] WARN  o.e.m.c.internal.embedder.MavenImpl - Failed to decrypt password for server snapshots: org.sonatype.plexus.components.sec.dispatcher.SecDispatcherException: java.io.FileNotFoundException: C:\Users\logonrmlocal\.m2\settings-security.xml (The system cannot find the file specified)
org.sonatype.plexus.components.sec.dispatcher.SecDispatcherException: org.sonatype.plexus.components.sec.dispatcher.SecDispatcherException: java.io.FileNotFoundException: C:\Users\logonrmlocal\.m2\settings-security.xml (The system cannot find the file specified)
	at org.sonatype.plexus.components.sec.dispatcher.DefaultSecDispatcher.decrypt(DefaultSecDispatcher.java:121)
	at org.apache.maven.settings.crypto.DefaultSettingsDecrypter.decrypt(DefaultSettingsDecrypter.java:114)
	at org.apache.maven.settings.crypto.DefaultSettingsDecrypter.decrypt(DefaultSettingsDecrypter.java:70)
	at org.eclipse.m2e.core.internal.embedder.MavenImpl.decryptPassword(MavenImpl.java:542)
	at org.eclipse.m2e.core.internal.repository.RepositoryRegistry.getAuthenticationInfo(RepositoryRegistry.java:216)
	at org.eclipse.m2e.core.internal.repository.RepositoryRegistry.updateRegistry(RepositoryRegistry.java:260)
	at org.eclipse.m2e.core.internal.repository.RepositoryRegistryUpdateJob.run(RepositoryRegistryUpdateJob.java:49)
	at org.eclipse.core.internal.jobs.Worker.run(Worker.java:63)
Caused by: org.sonatype.plexus.components.sec.dispatcher.SecDispatcherException: java.io.FileNotFoundException: C:\Users\logonrmlocal\.m2\settings-security.xml (The system cannot find the file specified)
	at org.sonatype.plexus.components.sec.dispatcher.SecUtil.read(SecUtil.java:69)
	at org.sonatype.plexus.components.sec.dispatcher.DefaultSecDispatcher.getSec(DefaultSecDispatcher.java:206)
	at org.sonatype.plexus.components.sec.dispatcher.DefaultSecDispatcher.decrypt(DefaultSecDispatcher.java:90)
	... 7 common frames omitted
Caused by: java.io.FileNotFoundException: C:\Users\logonrmlocal\.m2\settings-security.xml (The system cannot find the file specified)
	at java.base/java.io.FileInputStream.open0(Native Method)
	at java.base/java.io.FileInputStream.open(FileInputStream.java:211)
	at java.base/java.io.FileInputStream.<init>(FileInputStream.java:153)
	at org.sonatype.plexus.components.sec.dispatcher.SecUtil.toStream(SecUtil.java:100)
	at org.sonatype.plexus.components.sec.dispatcher.SecUtil.read(SecUtil.java:56)
	... 9 common frames omitted
2022-03-21 19:11:08,579 [Worker-17: Loading available Gradle versions] INFO  o.e.b.c.i.u.g.PublishedGradleVersions - Gradle version information cache is out-of-date. Trying to update.
